<?xml version="1.0" encoding="UTF-8"?>
<testng-results ignored="0" total="1" passed="1" failed="0" skipped="0">
  <reporter-output>
  </reporter-output>
  <suite started-at="2023-07-04T23:08:18 IST" name="Default suite" finished-at="2023-07-04T23:08:49 IST" duration-ms="31377">
    <groups>
      <group name="cucumber">
        <method signature="AbstractTestNGCucumberTests.runScenario(io.cucumber.testng.PickleWrapper,io.cucumber.testng.FeatureWrapper)[pri:0, instance:cucumberOptions.runnerClass@24959ca4]" name="runScenario" class="io.cucumber.testng.AbstractTestNGCucumberTests"/>
      </group> <!-- cucumber -->
    </groups>
    <test started-at="2023-07-04T23:08:18 IST" name="Default test" finished-at="2023-07-04T23:08:49 IST" duration-ms="31377">
      <class name="cucumberOptions.runnerClass">
        <test-method is-config="true" signature="setUpClass(org.testng.ITestContext)[pri:0, instance:cucumberOptions.runnerClass@24959ca4]" started-at="2023-07-04T23:08:18 IST" name="setUpClass" finished-at="2023-07-04T23:08:18 IST" duration-ms="586" status="PASS">
          <params>
            <param index="0">
              <value>
                <![CDATA[org.testng.TestRunner@bf75b5c]]>
              </value>
            </param>
          </params>
          <reporter-output>
          </reporter-output>
        </test-method> <!-- setUpClass -->
        <test-method signature="runScenario(io.cucumber.testng.PickleWrapper,io.cucumber.testng.FeatureWrapper)[pri:0, instance:cucumberOptions.runnerClass@24959ca4]" started-at="2023-07-04T23:08:18 IST" name="runScenario" description="Runs Cucumber Scenarios" data-provider="scenarios" finished-at="2023-07-04T23:08:49 IST" duration-ms="30610" status="PASS">
          <params>
            <param index="0">
              <value>
                <![CDATA["Search the Product and Sort the order according to price"]]>
              </value>
            </param>
            <param index="1">
              <value>
                <![CDATA["Flipkart Functionality"]]>
              </value>
            </param>
          </params>
          <reporter-output>
          </reporter-output>
        </test-method> <!-- runScenario -->
        <test-method is-config="true" signature="tearDownClass()[pri:0, instance:cucumberOptions.runnerClass@24959ca4]" started-at="2023-07-04T23:08:49 IST" name="tearDownClass" finished-at="2023-07-04T23:08:49 IST" duration-ms="143" status="PASS">
          <reporter-output>
          </reporter-output>
        </test-method> <!-- tearDownClass -->
      </class> <!-- cucumberOptions.runnerClass -->
    </test> <!-- Default test -->
  </suite> <!-- Default suite -->
</testng-results>
